<?xml version="1.0" encoding="UTF-8"?>
<!-- Generated by org.testng.reporters.JUnitXMLReporter -->
<testsuite hostname="Admin-PC" ignored="0" name="Test" tests="4" failures="0" timestamp="2020-05-16T12:29:55 IST" time="43.694" errors="0">
  <testcase name="basePageNavigation" time="18.322" classname="Academy.HomePageTest"/>
  <testcase name="Search" time="19.304" classname="Academy.SearchBar"/>
  <testcase name="Search" time="11.95" classname="Academy.SearchBar"/>
  <testcase name="Search" time="12.383" classname="Academy.SearchBar"/>
</testsuite> <!-- Test -->
